-------------------------------------------------------------------------------
Test set: egg.ejercicio1.spring.ApplicationTests
-------------------------------------------------------------------------------
Tests run: 1, Failures: 0, Errors: 1, Skipped: 0, Time elapsed: 10.708 s <<< FAILURE! - in egg.ejercicio1.spring.ApplicationTests
contextLoads  Time elapsed: 0.001 s  <<< ERROR!
java.lang.IllegalStateException: Failed to load ApplicationContext
Caused by: org.springframework.beans.factory.UnsatisfiedDependencyException: Error creating bean with name 'libroServicio': Unsatisfied dependency expressed through field 'libroRepositorio'; nested exception is org.springframework.beans.factory.BeanCreationException: Error creating bean with name 'libroRepositorio' defined in egg.ejercicio1.spring.repositorios.LibroRepositorio defined in @EnableJpaRepositories declared on JpaRepositoriesRegistrar.EnableJpaRepositoriesConfiguration: Invocation of init method failed; nested exception is org.springframework.data.repository.query.QueryCreationException: Could not create query for public abstract egg.ejercicio1.spring.entidades.Libro egg.ejercicio1.spring.repositorios.LibroRepositorio.buscarLibroPorNombre(java.lang.String)! Reason: Validation failed for query for method public abstract egg.ejercicio1.spring.entidades.Libro egg.ejercicio1.spring.repositorios.LibroRepositorio.buscarLibroPorNombre(java.lang.String)!; nested exception is java.lang.IllegalArgumentException: Validation failed for query for method public abstract egg.ejercicio1.spring.entidades.Libro egg.ejercicio1.spring.repositorios.LibroRepositorio.buscarLibroPorNombre(java.lang.String)!
Caused by: org.springframework.beans.factory.BeanCreationException: Error creating bean with name 'libroRepositorio' defined in egg.ejercicio1.spring.repositorios.LibroRepositorio defined in @EnableJpaRepositories declared on JpaRepositoriesRegistrar.EnableJpaRepositoriesConfiguration: Invocation of init method failed; nested exception is org.springframework.data.repository.query.QueryCreationException: Could not create query for public abstract egg.ejercicio1.spring.entidades.Libro egg.ejercicio1.spring.repositorios.LibroRepositorio.buscarLibroPorNombre(java.lang.String)! Reason: Validation failed for query for method public abstract egg.ejercicio1.spring.entidades.Libro egg.ejercicio1.spring.repositorios.LibroRepositorio.buscarLibroPorNombre(java.lang.String)!; nested exception is java.lang.IllegalArgumentException: Validation failed for query for method public abstract egg.ejercicio1.spring.entidades.Libro egg.ejercicio1.spring.repositorios.LibroRepositorio.buscarLibroPorNombre(java.lang.String)!
Caused by: org.springframework.data.repository.query.QueryCreationException: Could not create query for public abstract egg.ejercicio1.spring.entidades.Libro egg.ejercicio1.spring.repositorios.LibroRepositorio.buscarLibroPorNombre(java.lang.String)! Reason: Validation failed for query for method public abstract egg.ejercicio1.spring.entidades.Libro egg.ejercicio1.spring.repositorios.LibroRepositorio.buscarLibroPorNombre(java.lang.String)!; nested exception is java.lang.IllegalArgumentException: Validation failed for query for method public abstract egg.ejercicio1.spring.entidades.Libro egg.ejercicio1.spring.repositorios.LibroRepositorio.buscarLibroPorNombre(java.lang.String)!
Caused by: java.lang.IllegalArgumentException: Validation failed for query for method public abstract egg.ejercicio1.spring.entidades.Libro egg.ejercicio1.spring.repositorios.LibroRepositorio.buscarLibroPorNombre(java.lang.String)!
Caused by: java.lang.IllegalArgumentException: org.hibernate.QueryException: could not resolve property: nombre of: egg.ejercicio1.spring.entidades.Libro [SELECT c FROM egg.ejercicio1.spring.entidades.Libro c WHERE c.nombre= :nombre]
Caused by: org.hibernate.QueryException: could not resolve property: nombre of: egg.ejercicio1.spring.entidades.Libro [SELECT c FROM egg.ejercicio1.spring.entidades.Libro c WHERE c.nombre= :nombre]
Caused by: org.hibernate.QueryException: could not resolve property: nombre of: egg.ejercicio1.spring.entidades.Libro

